2019-03-23 10:58:21,711 [Worker-2: Loading available Gradle versions] INFO  o.e.b.c.i.u.g.PublishedGradleVersions - Gradle version information cache is up-to-date. Trying to read.
2019-03-24 14:58:08,515 [Worker-147: Import Getting Started Content] INFO  o.e.m.c.i.l.LifecycleMappingFactory - Using org.eclipse.m2e.jdt.JarLifecycleMapping lifecycle mapping for MavenProject: com.example:expenseREST:0.0.1-SNAPSHOT @ /Users/markmahowald/SD/Java/EventTrackerProject/expenseREST/pom.xml.
2019-03-24 14:58:10,179 [Worker-147: Import Getting Started Content] INFO  o.e.m.j.i.AbstractJavaProjectConfigurator - Adding source folder /expenseREST/src/main/java
2019-03-24 14:58:10,180 [Worker-147: Import Getting Started Content] INFO  o.e.m.j.i.AbstractJavaProjectConfigurator - Adding resource folder /expenseREST/src/main/resources
2019-03-24 14:58:10,186 [Worker-147: Import Getting Started Content] INFO  o.e.m.j.i.AbstractJavaProjectConfigurator - Adding resource folder /expenseREST/src/main/resources
2019-03-24 14:58:10,191 [Worker-147: Import Getting Started Content] INFO  o.e.m.j.i.AbstractJavaProjectConfigurator - Adding source folder /expenseREST/src/test/java
2019-03-24 14:58:10,555 [Worker-147: Import Getting Started Content] INFO  o.e.m.c.i.p.ProjectConfigurationManager - Imported and configured 1 project(s) in 3 sec
2019-03-24 14:58:10,557 [Worker-147: Import Getting Started Content] INFO  o.e.m.c.i.p.ProjectConfigurationManager - Update started
2019-03-24 14:58:10,967 [Worker-147: Import Getting Started Content] INFO  o.e.m.c.i.l.LifecycleMappingFactory - Using org.eclipse.m2e.jdt.JarLifecycleMapping lifecycle mapping for MavenProject: com.example:expenseREST:0.0.1-SNAPSHOT @ /Users/markmahowald/SD/Java/EventTrackerProject/expenseREST/pom.xml.
2019-03-24 14:58:11,417 [Worker-147: Import Getting Started Content] INFO  o.e.m.j.i.AbstractJavaProjectConfigurator - Adding source folder /expenseREST/src/main/java
2019-03-24 14:58:11,417 [Worker-147: Import Getting Started Content] INFO  o.e.m.j.i.AbstractJavaProjectConfigurator - Adding resource folder /expenseREST/src/main/resources
2019-03-24 14:58:11,419 [Worker-147: Import Getting Started Content] INFO  o.e.m.j.i.AbstractJavaProjectConfigurator - Adding resource folder /expenseREST/src/main/resources
2019-03-24 14:58:11,423 [Worker-147: Import Getting Started Content] INFO  o.e.m.j.i.AbstractJavaProjectConfigurator - Adding source folder /expenseREST/src/test/java
2019-03-24 14:58:11,651 [Worker-147: Import Getting Started Content] INFO  o.e.m.c.i.p.ProjectConfigurationManager - Update completed: 1 sec
2019-03-24 14:58:12,133 [Worker-140: Updating Maven Dependencies] INFO  o.e.m.c.i.l.LifecycleMappingFactory - Using org.eclipse.m2e.jdt.JarLifecycleMapping lifecycle mapping for MavenProject: com.example:expenseREST:0.0.1-SNAPSHOT @ /Users/markmahowald/SD/Java/EventTrackerProject/expenseREST/pom.xml.
2019-03-24 14:58:13,021 [Worker-150: Building workspace] INFO  o.e.m.c.i.embedder.EclipseLogger - Using 'UTF-8' encoding to copy filtered resources.
2019-03-24 14:58:13,033 [Worker-150: Building workspace] INFO  o.e.m.c.i.embedder.EclipseLogger - Copying 1 resource
2019-03-24 14:58:13,067 [Worker-150: Building workspace] INFO  o.e.m.c.i.embedder.EclipseLogger - Copying 0 resource
2019-03-24 14:58:13,070 [Worker-150: Building workspace] INFO  o.e.m.c.i.embedder.EclipseLogger - Using 'UTF-8' encoding to copy filtered resources.
2019-03-24 14:58:13,070 [Worker-150: Building workspace] INFO  o.e.m.c.i.embedder.EclipseLogger - skip non existing resourceDirectory /Users/markmahowald/SD/Java/EventTrackerProject/expenseREST/src/test/resources
2019-03-24 14:58:14,696 [Worker-145: Building workspace] INFO  o.e.m.c.i.embedder.EclipseLogger - Using 'UTF-8' encoding to copy filtered resources.
2019-03-24 14:58:14,699 [Worker-145: Building workspace] INFO  o.e.m.c.i.embedder.EclipseLogger - Copying 0 resource
2019-03-24 14:58:14,699 [Worker-145: Building workspace] INFO  o.e.m.c.i.embedder.EclipseLogger - Copying 0 resource
2019-03-24 14:58:14,701 [Worker-145: Building workspace] INFO  o.e.m.c.i.embedder.EclipseLogger - Using 'UTF-8' encoding to copy filtered resources.
2019-03-24 14:58:14,701 [Worker-145: Building workspace] INFO  o.e.m.c.i.embedder.EclipseLogger - skip non existing resourceDirectory /Users/markmahowald/SD/Java/EventTrackerProject/expenseREST/src/test/resources
2019-03-25 14:09:21,676 [Worker-5: Loading available Gradle versions] INFO  o.e.b.c.i.u.g.PublishedGradleVersions - Gradle version information cache is out-of-date. Trying to update.
2019-03-29 08:02:13,396 [Worker-6: Loading available Gradle versions] INFO  o.e.b.c.i.u.g.PublishedGradleVersions - Gradle version information cache is out-of-date. Trying to update.
2019-03-29 22:12:31,230 [Worker-6: Loading available Gradle versions] INFO  o.e.b.c.i.u.g.PublishedGradleVersions - Gradle version information cache is up-to-date. Trying to read.
